Info: Starting: Create simulation model
Info: qsys-generate C:\FPGA\FPGA_MiniProject\ADCV2.qsys --simulation=VERILOG --allow-mixed-language-simulation --output-directory=C:\FPGA\FPGA_MiniProject\ADCV2\simulation --family="Cyclone V" --part=5CSEMA5F31C6
Progress: Loading FPGA_MiniProject/ADCV2.qsys
Progress: Reading input file
Progress: Adding adc_mega_0 [altera_up_avalon_adc_mega 17.1]
Progress: Parameterizing module adc_mega_0
Progress: Building connections
Progress: Parameterizing connections
Progress: Validating
Progress: Done reading input file
Info: ADCV2: Generating ADCV2 "ADCV2" for SIM_VERILOG
Info: adc_mega_0: Starting Generation of ADC Controller for DE-series Board
Info: adc_mega_0: C:/intelfpga/17.1/ip/altera/university_program/input_output/altera_up_avalon_adc/hdl/altera_up_avalon_adv_adc.v C:/Users/el15asjb/AppData/Local/Temp/alt8012_3299553365486536914.dir/0002_sopcgen/ADCV2_adc_mega_0.v
Warning: adc_mega_0: Generation callback did not provide a top level file.  Found ADCV2_adc_mega_0.v in output directory - callback must `add_file $output_dir/ADCV2_adc_mega_0.v {SIMULATION SYNTHESIS}`
Info: adc_mega_0: "ADCV2" instantiated altera_up_avalon_adc_mega "adc_mega_0"
Info: ADCV2: Done "ADCV2" with 2 modules, 3 files
Info: qsys-generate succeeded.
Info: Finished: Create simulation model
Info: Starting: Create Modelsim Project.
Info: sim-script-gen --spd=C:\FPGA\FPGA_MiniProject\ADCV2\ADCV2.spd --output-directory=C:/FPGA/FPGA_MiniProject/ADCV2/simulation/ --use-relative-paths=true
Info: Doing: ip-make-simscript --spd=C:\FPGA\FPGA_MiniProject\ADCV2\ADCV2.spd --output-directory=C:/FPGA/FPGA_MiniProject/ADCV2/simulation/ --use-relative-paths=true
Info: Generating the following file(s) for MODELSIM simulator in C:/FPGA/FPGA_MiniProject/ADCV2/simulation/ directory:
Info: 	mentor/msim_setup.tcl
Info: Generating the following file(s) for VCS simulator in C:/FPGA/FPGA_MiniProject/ADCV2/simulation/ directory:
Info: 	synopsys/vcs/vcs_setup.sh
Info: Generating the following file(s) for VCSMX simulator in C:/FPGA/FPGA_MiniProject/ADCV2/simulation/ directory:
Info: 	synopsys/vcsmx/synopsys_sim.setup
Info: 	synopsys/vcsmx/vcsmx_setup.sh
Info: Generating the following file(s) for NCSIM simulator in C:/FPGA/FPGA_MiniProject/ADCV2/simulation/ directory:
Info: 	cadence/cds.lib
Info: 	cadence/hdl.var
Info: 	cadence/ncsim_setup.sh
Info: 	1 .cds.lib files in cadence/cds_libs/ directory
Info: Generating the following file(s) for RIVIERA simulator in C:/FPGA/FPGA_MiniProject/ADCV2/simulation/ directory:
Info: 	aldec/rivierapro_setup.tcl
Info: For information on how to simulate your IP, see the explanatory comments in the simulator-specific subdirectories under C:/FPGA/FPGA_MiniProject/ADCV2/simulation/.
Info: Regenerate these scripts whenever you make any change to any Quartus-generated IP in your project.
Info: Finished: Create Modelsim Project.
Info: Starting: Create block symbol file (.bsf)
Info: qsys-generate C:\FPGA\FPGA_MiniProject\ADCV2.qsys --block-symbol-file --output-directory=C:\FPGA\FPGA_MiniProject\ADCV2 --family="Cyclone V" --part=5CSEMA5F31C6
Progress: Loading FPGA_MiniProject/ADCV2.qsys
Progress: Reading input file
Progress: Adding adc_mega_0 [altera_up_avalon_adc_mega 17.1]
Progress: Parameterizing module adc_mega_0
Progress: Building connections
Progress: Parameterizing connections
Progress: Validating
Progress: Done reading input file
Info: qsys-generate succeeded.
Info: Finished: Create block symbol file (.bsf)
Info: 
Info: Starting: Create HDL design files for synthesis
Info: qsys-generate C:\FPGA\FPGA_MiniProject\ADCV2.qsys --synthesis=VERILOG --output-directory=C:\FPGA\FPGA_MiniProject\ADCV2\synthesis --family="Cyclone V" --part=5CSEMA5F31C6
Progress: Loading FPGA_MiniProject/ADCV2.qsys
Progress: Reading input file
Progress: Adding adc_mega_0 [altera_up_avalon_adc_mega 17.1]
Progress: Parameterizing module adc_mega_0
Progress: Building connections
Progress: Parameterizing connections
Progress: Validating
Progress: Done reading input file
Info: ADCV2: Generating ADCV2 "ADCV2" for QUARTUS_SYNTH
Info: adc_mega_0: Starting Generation of ADC Controller for DE-series Board
Info: adc_mega_0: C:/intelfpga/17.1/ip/altera/university_program/input_output/altera_up_avalon_adc/hdl/altera_up_avalon_adv_adc.v C:/Users/el15asjb/AppData/Local/Temp/alt8012_3299553365486536914.dir/0006_sopcgen/ADCV2_adc_mega_0.v
Info: adc_mega_0: "ADCV2" instantiated altera_up_avalon_adc_mega "adc_mega_0"
Info: ADCV2: Done "ADCV2" with 2 modules, 3 files
Info: qsys-generate succeeded.
Info: Finished: Create HDL design files for synthesis
