\BOOKMARK [1][-]{section.1}{Introduction}{}% 1
\BOOKMARK [1][-]{section.2}{VGA}{}% 2
\BOOKMARK [1][-]{section.3}{ADC}{}% 3
\BOOKMARK [1][-]{section.4}{Seven Segment Display}{}% 4
\BOOKMARK [1][-]{section.5}{Controls}{}% 5
\BOOKMARK [1][-]{section.6}{Measurement}{}% 6
\BOOKMARK [1][-]{section.7}{Problems Encountered}{}% 7
\BOOKMARK [1][-]{section.8}{Conclusion}{}% 8
\BOOKMARK [1][-]{section.9}{Appendix}{}% 9
\BOOKMARK [2][-]{subsection.9.1}{Appendix A - VGA Timing Specifications}{section.9}% 10
\BOOKMARK [2][-]{subsection.9.2}{Appendix B - Number Split Module}{section.9}% 11
\BOOKMARK [2][-]{subsection.9.3}{Appendix C - Generate Seven Segment Output Module}{section.9}% 12
\BOOKMARK [2][-]{subsection.9.4}{Appendix D - Top Level RTL View}{section.9}% 13
\BOOKMARK [2][-]{subsection.9.5}{Appendix E - Slower Clock RTL View}{section.9}% 14
\BOOKMARK [2][-]{subsection.9.6}{Appendix F - VGA Top Level RTL View}{section.9}% 15
\BOOKMARK [2][-]{subsection.9.7}{Appendix G - VGA HSync RTL View}{section.9}% 16
\BOOKMARK [2][-]{subsection.9.8}{Appendix H - VGA VSync RTL View}{section.9}% 17
\BOOKMARK [2][-]{subsection.9.9}{Appendix I - Measurement RTL View}{section.9}% 18
\BOOKMARK [2][-]{subsection.9.10}{Appendix J - Seven Segment Display RTL View}{section.9}% 19
\BOOKMARK [2][-]{subsection.9.11}{Appendix K - Sampler RTL View}{section.9}% 20
\BOOKMARK [2][-]{subsection.9.12}{Appendix L - Top Level Module Code}{section.9}% 21
\BOOKMARK [2][-]{subsection.9.13}{Appendix M - VGA Top Level Module Code}{section.9}% 22
\BOOKMARK [2][-]{subsection.9.14}{Appendix N - Seven Segment Display Code}{section.9}% 23
\BOOKMARK [2][-]{subsection.9.15}{Appendix O - Sampler Code}{section.9}% 24
\BOOKMARK [2][-]{subsection.9.16}{Appendix P - Controls Module Code}{section.9}% 25
\BOOKMARK [2][-]{subsection.9.17}{Appendix Q - Counter Module Code}{section.9}% 26
\BOOKMARK [2][-]{subsection.9.18}{Appendix R - Measure Module Code}{section.9}% 27
\BOOKMARK [2][-]{subsection.9.19}{Appendix S - VGA Module Original Team Code}{section.9}% 28
\BOOKMARK [1][-]{figure.37}{References}{}% 29
