Analysis & Synthesis report for lcd_scope
Tue Apr 23 09:31:21 2019
Quartus Prime Version 17.1.0 Build 590 10/25/2017 SJ Lite Edition


---------------------
; Table of Contents ;
---------------------
  1. Legal Notice
  2. Analysis & Synthesis Summary
  3. Analysis & Synthesis Settings
  4. Parallel Compilation
  5. Analysis & Synthesis Source Files Read
  6. Analysis & Synthesis Resource Usage Summary
  7. Analysis & Synthesis Resource Utilization by Entity
  8. State Machine - |lcd_scope|LT24Display:Display|stateMachine
  9. Registers Removed During Synthesis
 10. Removed Registers Triggering Further Register Optimizations
 11. General Register Statistics
 12. Multiplexer Restructuring Statistics (Restructuring Performed)
 13. Source assignments for LT24Display:Display
 14. Parameter Settings for User Entity Instance: LT24Display:Display
 15. Parameter Settings for User Entity Instance: LT24Display:Display|LT24InitialData:initDataRom
 16. Parameter Settings for User Entity Instance: LT24Display:Display|LT24DisplayInterface:LT24Interface
 17. Parameter Settings for User Entity Instance: NbitCounter:xCount
 18. Parameter Settings for User Entity Instance: NbitCounter:yCount
 19. Port Connectivity Checks: "LT24Display:Display"
 20. Post-Synthesis Netlist Statistics for Top Partition
 21. Elapsed Time Per Partition
 22. Analysis & Synthesis Messages



----------------
; Legal Notice ;
----------------
Copyright (C) 2017  Intel Corporation. All rights reserved.
Your use of Intel Corporation's design tools, logic functions 
and other software and tools, and its AMPP partner logic 
functions, and any output files from any of the foregoing 
(including device programming or simulation files), and any 
associated documentation or information are expressly subject 
to the terms and conditions of the Intel Program License 
Subscription Agreement, the Intel Quartus Prime License Agreement,
the Intel FPGA IP License Agreement, or other applicable license
agreement, including, without limitation, that your use is for
the sole purpose of programming logic devices manufactured by
Intel and sold by Intel or its authorized distributors.  Please
refer to the applicable agreement for further details.



+-------------------------------------------------------------------------------+
; Analysis & Synthesis Summary                                                  ;
+---------------------------------+---------------------------------------------+
; Analysis & Synthesis Status     ; Successful - Tue Apr 23 09:31:21 2019       ;
; Quartus Prime Version           ; 17.1.0 Build 590 10/25/2017 SJ Lite Edition ;
; Revision Name                   ; lcd_scope                                   ;
; Top-level Entity Name           ; lcd_scope                                   ;
; Family                          ; Cyclone V                                   ;
; Logic utilization (in ALMs)     ; N/A                                         ;
; Total registers                 ; 114                                         ;
; Total pins                      ; 25                                          ;
; Total virtual pins              ; 0                                           ;
; Total block memory bits         ; 0                                           ;
; Total DSP Blocks                ; 0                                           ;
; Total HSSI RX PCSs              ; 0                                           ;
; Total HSSI PMA RX Deserializers ; 0                                           ;
; Total HSSI TX PCSs              ; 0                                           ;
; Total HSSI PMA TX Serializers   ; 0                                           ;
; Total PLLs                      ; 0                                           ;
; Total DLLs                      ; 0                                           ;
+---------------------------------+---------------------------------------------+


+---------------------------------------------------------------------------------------------------------------------------+
; Analysis & Synthesis Settings                                                                                             ;
+---------------------------------------------------------------------------------+--------------------+--------------------+
; Option                                                                          ; Setting            ; Default Value      ;
+---------------------------------------------------------------------------------+--------------------+--------------------+
; Device                                                                          ; 5CSEMA5F31C6       ;                    ;
; Top-level entity name                                                           ; lcd_scope          ; lcd_scope          ;
; Family name                                                                     ; Cyclone V          ; Cyclone V          ;
; Use smart compilation                                                           ; Off                ; Off                ;
; Enable parallel Assembler and TimeQuest Timing Analyzer during compilation      ; On                 ; On                 ;
; Enable compact report table                                                     ; Off                ; Off                ;
; Restructure Multiplexers                                                        ; Auto               ; Auto               ;
; MLAB Add Timing Constraints For Mixed-Port Feed-Through Mode Setting Don't Care ; Off                ; Off                ;
; Create Debugging Nodes for IP Cores                                             ; Off                ; Off                ;
; Preserve fewer node names                                                       ; On                 ; On                 ;
; Intel FPGA IP Evaluation Mode                                                   ; Enable             ; Enable             ;
; Verilog Version                                                                 ; Verilog_2001       ; Verilog_2001       ;
; VHDL Version                                                                    ; VHDL_1993          ; VHDL_1993          ;
; State Machine Processing                                                        ; Auto               ; Auto               ;
; Safe State Machine                                                              ; Off                ; Off                ;
; Extract Verilog State Machines                                                  ; On                 ; On                 ;
; Extract VHDL State Machines                                                     ; On                 ; On                 ;
; Ignore Verilog initial constructs                                               ; Off                ; Off                ;
; Iteration limit for constant Verilog loops                                      ; 5000               ; 5000               ;
; Iteration limit for non-constant Verilog loops                                  ; 250                ; 250                ;
; Add Pass-Through Logic to Inferred RAMs                                         ; On                 ; On                 ;
; Infer RAMs from Raw Logic                                                       ; On                 ; On                 ;
; Parallel Synthesis                                                              ; On                 ; On                 ;
; DSP Block Balancing                                                             ; Auto               ; Auto               ;
; NOT Gate Push-Back                                                              ; On                 ; On                 ;
; Power-Up Don't Care                                                             ; On                 ; On                 ;
; Remove Redundant Logic Cells                                                    ; Off                ; Off                ;
; Remove Duplicate Registers                                                      ; On                 ; On                 ;
; Ignore CARRY Buffers                                                            ; Off                ; Off                ;
; Ignore CASCADE Buffers                                                          ; Off                ; Off                ;
; Ignore GLOBAL Buffers                                                           ; Off                ; Off                ;
; Ignore ROW GLOBAL Buffers                                                       ; Off                ; Off                ;
; Ignore LCELL Buffers                                                            ; Off                ; Off                ;
; Ignore SOFT Buffers                                                             ; On                 ; On                 ;
; Limit AHDL Integers to 32 Bits                                                  ; Off                ; Off                ;
; Optimization Technique                                                          ; Balanced           ; Balanced           ;
; Carry Chain Length                                                              ; 70                 ; 70                 ;
; Auto Carry Chains                                                               ; On                 ; On                 ;
; Auto Open-Drain Pins                                                            ; On                 ; On                 ;
; Perform WYSIWYG Primitive Resynthesis                                           ; Off                ; Off                ;
; Auto ROM Replacement                                                            ; On                 ; On                 ;
; Auto RAM Replacement                                                            ; On                 ; On                 ;
; Auto DSP Block Replacement                                                      ; On                 ; On                 ;
; Auto Shift Register Replacement                                                 ; Auto               ; Auto               ;
; Allow Shift Register Merging across Hierarchies                                 ; Auto               ; Auto               ;
; Auto Clock Enable Replacement                                                   ; On                 ; On                 ;
; Strict RAM Replacement                                                          ; Off                ; Off                ;
; Allow Synchronous Control Signals                                               ; On                 ; On                 ;
; Force Use of Synchronous Clear Signals                                          ; Off                ; Off                ;
; Auto Resource Sharing                                                           ; Off                ; Off                ;
; Allow Any RAM Size For Recognition                                              ; Off                ; Off                ;
; Allow Any ROM Size For Recognition                                              ; Off                ; Off                ;
; Allow Any Shift Register Size For Recognition                                   ; Off                ; Off                ;
; Use LogicLock Constraints during Resource Balancing                             ; On                 ; On                 ;
; Ignore translate_off and synthesis_off directives                               ; Off                ; Off                ;
; Timing-Driven Synthesis                                                         ; On                 ; On                 ;
; Report Parameter Settings                                                       ; On                 ; On                 ;
; Report Source Assignments                                                       ; On                 ; On                 ;
; Report Connectivity Checks                                                      ; On                 ; On                 ;
; Ignore Maximum Fan-Out Assignments                                              ; Off                ; Off                ;
; Synchronization Register Chain Length                                           ; 3                  ; 3                  ;
; Power Optimization During Synthesis                                             ; Normal compilation ; Normal compilation ;
; HDL message level                                                               ; Level2             ; Level2             ;
; Suppress Register Optimization Related Messages                                 ; Off                ; Off                ;
; Number of Removed Registers Reported in Synthesis Report                        ; 5000               ; 5000               ;
; Number of Swept Nodes Reported in Synthesis Report                              ; 5000               ; 5000               ;
; Number of Inverted Registers Reported in Synthesis Report                       ; 100                ; 100                ;
; Clock MUX Protection                                                            ; On                 ; On                 ;
; Auto Gated Clock Conversion                                                     ; Off                ; Off                ;
; Block Design Naming                                                             ; Auto               ; Auto               ;
; SDC constraint protection                                                       ; Off                ; Off                ;
; Synthesis Effort                                                                ; Auto               ; Auto               ;
; Shift Register Replacement - Allow Asynchronous Clear Signal                    ; On                 ; On                 ;
; Pre-Mapping Resynthesis Optimization                                            ; Off                ; Off                ;
; Analysis & Synthesis Message Level                                              ; Medium             ; Medium             ;
; Disable Register Merging Across Hierarchies                                     ; Auto               ; Auto               ;
; Resource Aware Inference For Block RAM                                          ; On                 ; On                 ;
; Automatic Parallel Synthesis                                                    ; On                 ; On                 ;
; Partial Reconfiguration Bitstream ID                                            ; Off                ; Off                ;
+---------------------------------------------------------------------------------+--------------------+--------------------+


+------------------------------------------+
; Parallel Compilation                     ;
+----------------------------+-------------+
; Processors                 ; Number      ;
+----------------------------+-------------+
; Number detected on machine ; 8           ;
; Maximum allowed            ; 4           ;
;                            ;             ;
; Average used               ; 1.00        ;
; Maximum used               ; 4           ;
;                            ;             ;
; Usage by Processor         ; % Time Used ;
;     Processor 1            ; 100.0%      ;
;     Processors 2-4         ;   0.0%      ;
+----------------------------+-------------+


+---------------------------------------------------------------------------------------------------------------------------------+
; Analysis & Synthesis Source Files Read                                                                                          ;
+----------------------------------+-----------------+------------------------+-----------------------------------------+---------+
; File Name with User-Entered Path ; Used in Netlist ; File Type              ; File Name with Absolute Path            ; Library ;
+----------------------------------+-----------------+------------------------+-----------------------------------------+---------+
; LT24Display.v                    ; yes             ; User Verilog HDL File  ; C:/Users/Haider/lcd_scope/LT24Display.v ;         ;
; lcd_scope.v                      ; yes             ; User Verilog HDL File  ; C:/Users/Haider/lcd_scope/lcd_scope.v   ;         ;
; NbitCounter.v                    ; yes             ; User Verilog HDL File  ; C:/Users/Haider/lcd_scope/NbitCounter.v ;         ;
+----------------------------------+-----------------+------------------------+-----------------------------------------+---------+


+-----------------------------------------------------------+
; Analysis & Synthesis Resource Usage Summary               ;
+---------------------------------------------+-------------+
; Resource                                    ; Usage       ;
+---------------------------------------------+-------------+
; Estimate of Logic utilization (ALMs needed) ; 87          ;
;                                             ;             ;
; Combinational ALUT usage for logic          ; 137         ;
;     -- 7 input functions                    ; 1           ;
;     -- 6 input functions                    ; 30          ;
;     -- 5 input functions                    ; 24          ;
;     -- 4 input functions                    ; 17          ;
;     -- <=3 input functions                  ; 65          ;
;                                             ;             ;
; Dedicated logic registers                   ; 114         ;
;                                             ;             ;
; I/O pins                                    ; 25          ;
;                                             ;             ;
; Total DSP Blocks                            ; 0           ;
;                                             ;             ;
; Maximum fan-out node                        ; clock~input ;
; Maximum fan-out                             ; 114         ;
; Total fan-out                               ; 909         ;
; Average fan-out                             ; 3.02        ;
+---------------------------------------------+-------------+


+---------------------------------------------------------------------------------------------------------------------------------------------------------------------------------------------------------------------------------------------------------------+
; Analysis & Synthesis Resource Utilization by Entity                                                                                                                                                                                                           ;
+--------------------------------------------+---------------------+---------------------------+-------------------+------------+------+--------------+-------------------------------------------------------------------+----------------------+--------------+
; Compilation Hierarchy Node                 ; Combinational ALUTs ; Dedicated Logic Registers ; Block Memory Bits ; DSP Blocks ; Pins ; Virtual Pins ; Full Hierarchy Name                                               ; Entity Name          ; Library Name ;
+--------------------------------------------+---------------------+---------------------------+-------------------+------------+------+--------------+-------------------------------------------------------------------+----------------------+--------------+
; |lcd_scope                                 ; 137 (0)             ; 114 (9)                   ; 0                 ; 0          ; 25   ; 0            ; |lcd_scope                                                        ; lcd_scope            ; work         ;
;    |LT24Display:Display|                   ; 113 (56)            ; 88 (55)                   ; 0                 ; 0          ; 0    ; 0            ; |lcd_scope|LT24Display:Display                                    ; LT24Display          ; work         ;
;       |LT24DisplayInterface:LT24Interface| ; 30 (30)             ; 24 (24)                   ; 0                 ; 0          ; 0    ; 0            ; |lcd_scope|LT24Display:Display|LT24DisplayInterface:LT24Interface ; LT24DisplayInterface ; work         ;
;       |LT24InitialData:initDataRom|        ; 27 (27)             ; 9 (9)                     ; 0                 ; 0          ; 0    ; 0            ; |lcd_scope|LT24Display:Display|LT24InitialData:initDataRom        ; LT24InitialData      ; work         ;
;    |NbitCounter:xCount|                    ; 12 (12)             ; 8 (8)                     ; 0                 ; 0          ; 0    ; 0            ; |lcd_scope|NbitCounter:xCount                                     ; NbitCounter          ; work         ;
;    |NbitCounter:yCount|                    ; 12 (12)             ; 9 (9)                     ; 0                 ; 0          ; 0    ; 0            ; |lcd_scope|NbitCounter:yCount                                     ; NbitCounter          ; work         ;
+--------------------------------------------+---------------------+---------------------------+-------------------+------------+------+--------------+-------------------------------------------------------------------+----------------------+--------------+
Note: For table entries with two numbers listed, the numbers in parentheses indicate the number of resources of the given type used by the specific entity alone. The numbers listed outside of parentheses indicate the total resources of the given type used by the specific entity and all of its sub-entities in the hierarchy.


Encoding Type:  One-Hot
+-----------------------------------------------------------------------------------------------------------------------------------------------------------------------------------------------------------------------------------------------------------------------------------------------------------------------------------+
; State Machine - |lcd_scope|LT24Display:Display|stateMachine                                                                                                                                                                                                                                                                       ;
+---------------------------+-------------------------+--------------------------+---------------------------+---------------------------+--------------------------+---------------------------+---------------------------+--------------------------+------------------------+-------------------------+-------------------------+
; Name                      ; stateMachine.IDLE_STATE ; stateMachine.CASET_STATE ; stateMachine.XHADDR_STATE ; stateMachine.XLADDR_STATE ; stateMachine.PASET_STATE ; stateMachine.YHADDR_STATE ; stateMachine.YLADDR_STATE ; stateMachine.WRITE_STATE ; stateMachine.CMD_STATE ; stateMachine.LOAD_STATE ; stateMachine.INIT_STATE ;
+---------------------------+-------------------------+--------------------------+---------------------------+---------------------------+--------------------------+---------------------------+---------------------------+--------------------------+------------------------+-------------------------+-------------------------+
; stateMachine.INIT_STATE   ; 0                       ; 0                        ; 0                         ; 0                         ; 0                        ; 0                         ; 0                         ; 0                        ; 0                      ; 0                       ; 0                       ;
; stateMachine.LOAD_STATE   ; 0                       ; 0                        ; 0                         ; 0                         ; 0                        ; 0                         ; 0                         ; 0                        ; 0                      ; 1                       ; 1                       ;
; stateMachine.CMD_STATE    ; 0                       ; 0                        ; 0                         ; 0                         ; 0                        ; 0                         ; 0                         ; 0                        ; 1                      ; 0                       ; 1                       ;
; stateMachine.WRITE_STATE  ; 0                       ; 0                        ; 0                         ; 0                         ; 0                        ; 0                         ; 0                         ; 1                        ; 0                      ; 0                       ; 1                       ;
; stateMachine.YLADDR_STATE ; 0                       ; 0                        ; 0                         ; 0                         ; 0                        ; 0                         ; 1                         ; 0                        ; 0                      ; 0                       ; 1                       ;
; stateMachine.YHADDR_STATE ; 0                       ; 0                        ; 0                         ; 0                         ; 0                        ; 1                         ; 0                         ; 0                        ; 0                      ; 0                       ; 1                       ;
; stateMachine.PASET_STATE  ; 0                       ; 0                        ; 0                         ; 0                         ; 1                        ; 0                         ; 0                         ; 0                        ; 0                      ; 0                       ; 1                       ;
; stateMachine.XLADDR_STATE ; 0                       ; 0                        ; 0                         ; 1                         ; 0                        ; 0                         ; 0                         ; 0                        ; 0                      ; 0                       ; 1                       ;
; stateMachine.XHADDR_STATE ; 0                       ; 0                        ; 1                         ; 0                         ; 0                        ; 0                         ; 0                         ; 0                        ; 0                      ; 0                       ; 1                       ;
; stateMachine.CASET_STATE  ; 0                       ; 1                        ; 0                         ; 0                         ; 0                        ; 0                         ; 0                         ; 0                        ; 0                      ; 0                       ; 1                       ;
; stateMachine.IDLE_STATE   ; 1                       ; 0                        ; 0                         ; 0                         ; 0                        ; 0                         ; 0                         ; 0                        ; 0                      ; 0                       ; 1                       ;
+---------------------------+-------------------------+--------------------------+---------------------------+---------------------------+--------------------------+---------------------------+---------------------------+--------------------------+------------------------+-------------------------+-------------------------+


+-----------------------------------------------------------------------------------------------+
; Registers Removed During Synthesis                                                            ;
+---------------------------------------------+-------------------------------------------------+
; Register name                               ; Reason for Removal                              ;
+---------------------------------------------+-------------------------------------------------+
; pixData[8..15]                              ; Stuck at GND due to stuck port data_in          ;
; LT24Display:Display|xAddrTemp[8..15]        ; Stuck at GND due to stuck port data_in          ;
; LT24Display:Display|yAddrTemp[9..15]        ; Stuck at GND due to stuck port data_in          ;
; LT24Display:Display|pixelDataTemp[8..15]    ; Stuck at GND due to stuck port data_in          ;
; LT24Display:Display|displayData[8,9,11..15] ; Merged with LT24Display:Display|displayData[10] ;
; LT24Display:Display|stateMachine~15         ; Lost fanout                                     ;
; LT24Display:Display|stateMachine~16         ; Lost fanout                                     ;
; LT24Display:Display|stateMachine~17         ; Lost fanout                                     ;
; LT24Display:Display|stateMachine~18         ; Lost fanout                                     ;
; LT24Display:Display|stateMachine.CMD_STATE  ; Stuck at GND due to stuck port data_in          ;
; Total Number of Removed Registers = 43      ;                                                 ;
+---------------------------------------------+-------------------------------------------------+


+------------------------------------------------------------------------------------+
; Removed Registers Triggering Further Register Optimizations                        ;
+---------------+---------------------------+----------------------------------------+
; Register name ; Reason for Removal        ; Registers Removed due to This Register ;
+---------------+---------------------------+----------------------------------------+
; pixData[15]   ; Stuck at GND              ; LT24Display:Display|pixelDataTemp[15]  ;
;               ; due to stuck port data_in ;                                        ;
; pixData[14]   ; Stuck at GND              ; LT24Display:Display|pixelDataTemp[14]  ;
;               ; due to stuck port data_in ;                                        ;
; pixData[13]   ; Stuck at GND              ; LT24Display:Display|pixelDataTemp[13]  ;
;               ; due to stuck port data_in ;                                        ;
; pixData[12]   ; Stuck at GND              ; LT24Display:Display|pixelDataTemp[12]  ;
;               ; due to stuck port data_in ;                                        ;
; pixData[11]   ; Stuck at GND              ; LT24Display:Display|pixelDataTemp[11]  ;
;               ; due to stuck port data_in ;                                        ;
; pixData[10]   ; Stuck at GND              ; LT24Display:Display|pixelDataTemp[10]  ;
;               ; due to stuck port data_in ;                                        ;
; pixData[9]    ; Stuck at GND              ; LT24Display:Display|pixelDataTemp[9]   ;
;               ; due to stuck port data_in ;                                        ;
; pixData[8]    ; Stuck at GND              ; LT24Display:Display|pixelDataTemp[8]   ;
;               ; due to stuck port data_in ;                                        ;
+---------------+---------------------------+----------------------------------------+


+------------------------------------------------------+
; General Register Statistics                          ;
+----------------------------------------------+-------+
; Statistic                                    ; Value ;
+----------------------------------------------+-------+
; Total registers                              ; 114   ;
; Number of registers using Synchronous Clear  ; 24    ;
; Number of registers using Synchronous Load   ; 0     ;
; Number of registers using Asynchronous Clear ; 9     ;
; Number of registers using Asynchronous Load  ; 0     ;
; Number of registers using Clock Enable       ; 91    ;
; Number of registers using Preset             ; 0     ;
+----------------------------------------------+-------+


+-------------------------------------------------------------------------------------------------------------------------------------------------------------+
; Multiplexer Restructuring Statistics (Restructuring Performed)                                                                                              ;
+--------------------+-----------+---------------+----------------------+------------------------+------------+-----------------------------------------------+
; Multiplexer Inputs ; Bus Width ; Baseline Area ; Area if Restructured ; Saving if Restructured ; Registered ; Example Multiplexer Output                    ;
+--------------------+-----------+---------------+----------------------+------------------------+------------+-----------------------------------------------+
; 4:1                ; 8 bits    ; 16 LEs        ; 0 LEs                ; 16 LEs                 ; Yes        ; |lcd_scope|NbitCounter:xCount|cntOut[4]       ;
; 4:1                ; 9 bits    ; 18 LEs        ; 0 LEs                ; 18 LEs                 ; Yes        ; |lcd_scope|NbitCounter:yCount|cntOut[3]       ;
; 14:1               ; 3 bits    ; 27 LEs        ; 9 LEs                ; 18 LEs                 ; Yes        ; |lcd_scope|LT24Display:Display|displayData[4] ;
; 16:1               ; 2 bits    ; 20 LEs        ; 8 LEs                ; 12 LEs                 ; Yes        ; |lcd_scope|LT24Display:Display|displayData[3] ;
; 8:1                ; 4 bits    ; 20 LEs        ; 12 LEs               ; 8 LEs                  ; No         ; |lcd_scope|LT24Display:Display|Selector10     ;
+--------------------+-----------+---------------+----------------------+------------------------+------------+-----------------------------------------------+


+--------------------------------------------+
; Source assignments for LT24Display:Display ;
+-----------------+-------+------+-----------+
; Assignment      ; Value ; From ; To        ;
+-----------------+-------+------+-----------+
; MESSAGE_DISABLE ; 10030 ; -    ; -         ;
+-----------------+-------+------+-----------+


+------------------------------------------------------------------+
; Parameter Settings for User Entity Instance: LT24Display:Display ;
+----------------+----------+--------------------------------------+
; Parameter Name ; Value    ; Type                                 ;
+----------------+----------+--------------------------------------+
; CLOCK_FREQ     ; 50000000 ; Signed Integer                       ;
; WIDTH          ; 240      ; Signed Integer                       ;
; HEIGHT         ; 320      ; Signed Integer                       ;
; XBITS          ; 8        ; Signed Integer                       ;
; YBITS          ; 9        ; Signed Integer                       ;
+----------------+----------+--------------------------------------+
Note: In order to hide this table in the UI and the text report file, please set the "Show Parameter Settings in Synthesis Report" option in "Analysis and Synthesis Settings -> More Settings" to "Off".


+----------------------------------------------------------------------------------------------+
; Parameter Settings for User Entity Instance: LT24Display:Display|LT24InitialData:initDataRom ;
+----------------+-------+---------------------------------------------------------------------+
; Parameter Name ; Value ; Type                                                                ;
+----------------+-------+---------------------------------------------------------------------+
; WIDTH          ; 240   ; Signed Integer                                                      ;
; HEIGHT         ; 320   ; Signed Integer                                                      ;
+----------------+-------+---------------------------------------------------------------------+
Note: In order to hide this table in the UI and the text report file, please set the "Show Parameter Settings in Synthesis Report" option in "Analysis and Synthesis Settings -> More Settings" to "Off".


+-----------------------------------------------------------------------------------------------------+
; Parameter Settings for User Entity Instance: LT24Display:Display|LT24DisplayInterface:LT24Interface ;
+----------------+----------+-------------------------------------------------------------------------+
; Parameter Name ; Value    ; Type                                                                    ;
+----------------+----------+-------------------------------------------------------------------------+
; CLOCK_FREQ     ; 50000000 ; Signed Integer                                                          ;
+----------------+----------+-------------------------------------------------------------------------+
Note: In order to hide this table in the UI and the text report file, please set the "Show Parameter Settings in Synthesis Report" option in "Analysis and Synthesis Settings -> More Settings" to "Off".


+-----------------------------------------------------------------+
; Parameter Settings for User Entity Instance: NbitCounter:xCount ;
+----------------+-------+----------------------------------------+
; Parameter Name ; Value ; Type                                   ;
+----------------+-------+----------------------------------------+
; N              ; 8     ; Signed Integer                         ;
; Up             ; 1     ; Signed Integer                         ;
; Max            ; 239   ; Signed Integer                         ;
+----------------+-------+----------------------------------------+
Note: In order to hide this table in the UI and the text report file, please set the "Show Parameter Settings in Synthesis Report" option in "Analysis and Synthesis Settings -> More Settings" to "Off".


+-----------------------------------------------------------------+
; Parameter Settings for User Entity Instance: NbitCounter:yCount ;
+----------------+-------+----------------------------------------+
; Parameter Name ; Value ; Type                                   ;
+----------------+-------+----------------------------------------+
; N              ; 9     ; Signed Integer                         ;
; Up             ; 1     ; Signed Integer                         ;
; Max            ; 319   ; Signed Integer                         ;
+----------------+-------+----------------------------------------+
Note: In order to hide this table in the UI and the text report file, please set the "Show Parameter Settings in Synthesis Report" option in "Analysis and Synthesis Settings -> More Settings" to "Off".


+-----------------------------------------------------------+
; Port Connectivity Checks: "LT24Display:Display"           ;
+--------------+--------+----------+------------------------+
; Port         ; Type   ; Severity ; Details                ;
+--------------+--------+----------+------------------------+
; pixelRawMode ; Input  ; Info     ; Stuck at GND           ;
; cmdData      ; Input  ; Info     ; Stuck at GND           ;
; cmdWrite     ; Input  ; Info     ; Stuck at GND           ;
; cmdDone      ; Input  ; Info     ; Stuck at GND           ;
; cmdReady     ; Output ; Info     ; Explicitly unconnected ;
+--------------+--------+----------+------------------------+


+-----------------------------------------------------+
; Post-Synthesis Netlist Statistics for Top Partition ;
+-----------------------+-----------------------------+
; Type                  ; Count                       ;
+-----------------------+-----------------------------+
; arriav_ff             ; 114                         ;
;     CLR               ; 1                           ;
;     ENA               ; 59                          ;
;     ENA CLR           ; 8                           ;
;     ENA SCLR          ; 24                          ;
;     plain             ; 22                          ;
; arriav_lcell_comb     ; 140                         ;
;     arith             ; 46                          ;
;         1 data inputs ; 45                          ;
;         2 data inputs ; 1                           ;
;     extend            ; 1                           ;
;         7 data inputs ; 1                           ;
;     normal            ; 93                          ;
;         0 data inputs ; 2                           ;
;         1 data inputs ; 2                           ;
;         2 data inputs ; 4                           ;
;         3 data inputs ; 14                          ;
;         4 data inputs ; 17                          ;
;         5 data inputs ; 24                          ;
;         6 data inputs ; 30                          ;
; boundary_port         ; 25                          ;
;                       ;                             ;
; Max LUT depth         ; 4.00                        ;
; Average LUT depth     ; 2.27                        ;
+-----------------------+-----------------------------+


+-------------------------------+
; Elapsed Time Per Partition    ;
+----------------+--------------+
; Partition Name ; Elapsed Time ;
+----------------+--------------+
; Top            ; 00:00:00     ;
+----------------+--------------+


+-------------------------------+
; Analysis & Synthesis Messages ;
+-------------------------------+
Info: *******************************************************************
Info: Running Quartus Prime Analysis & Synthesis
    Info: Version 17.1.0 Build 590 10/25/2017 SJ Lite Edition
    Info: Processing started: Tue Apr 23 09:31:09 2019
Info: Command: quartus_map --read_settings_files=on --write_settings_files=off lcd_scope -c lcd_scope
Warning (18236): Number of processors has not been specified which may cause overloading on shared machines.  Set the global assignment NUM_PARALLEL_PROCESSORS in your QSF to an appropriate value for best performance.
Info (20030): Parallel compilation is enabled and will use 4 of the 4 processors detected
Info (12021): Found 4 design units, including 4 entities, in source file lt24display.v
    Info (12023): Found entity 1: LT24Display File: C:/Users/Haider/lcd_scope/LT24Display.v Line: 86
    Info (12023): Found entity 2: LT24DisplayInterface File: C:/Users/Haider/lcd_scope/LT24Display.v Line: 409
    Info (12023): Found entity 3: ResetSynchroniser File: C:/Users/Haider/lcd_scope/LT24Display.v Line: 494
    Info (12023): Found entity 4: LT24InitialData File: C:/Users/Haider/lcd_scope/LT24Display.v Line: 524
Info (12021): Found 1 design units, including 1 entities, in source file lcd_scope.v
    Info (12023): Found entity 1: lcd_scope File: C:/Users/Haider/lcd_scope/lcd_scope.v Line: 7
Info (12021): Found 1 design units, including 1 entities, in source file nbitcounter.v
    Info (12023): Found entity 1: NbitCounter File: C:/Users/Haider/lcd_scope/NbitCounter.v Line: 6
Info (12127): Elaborating entity "lcd_scope" for the top level hierarchy
Info (12128): Elaborating entity "LT24Display" for hierarchy "LT24Display:Display" File: C:/Users/Haider/lcd_scope/lcd_scope.v Line: 61
Info (12128): Elaborating entity "ResetSynchroniser" for hierarchy "LT24Display:Display|ResetSynchroniser:resetGen" File: C:/Users/Haider/lcd_scope/LT24Display.v Line: 157
Warning (10034): Output port "resetOut" at LT24Display.v(499) has no driver File: C:/Users/Haider/lcd_scope/LT24Display.v Line: 499
Info (12128): Elaborating entity "LT24InitialData" for hierarchy "LT24Display:Display|LT24InitialData:initDataRom" File: C:/Users/Haider/lcd_scope/LT24Display.v Line: 174
Info (12128): Elaborating entity "LT24DisplayInterface" for hierarchy "LT24Display:Display|LT24DisplayInterface:LT24Interface" File: C:/Users/Haider/lcd_scope/LT24Display.v Line: 392
Info (12128): Elaborating entity "NbitCounter" for hierarchy "NbitCounter:xCount" File: C:/Users/Haider/lcd_scope/lcd_scope.v Line: 72
Info (12128): Elaborating entity "NbitCounter" for hierarchy "NbitCounter:yCount" File: C:/Users/Haider/lcd_scope/lcd_scope.v Line: 85
Info (276014): Found 1 instances of uninferred RAM logic
    Info (276004): RAM logic "LT24Display:Display|LT24InitialData:initDataRom|ROM" is uninferred due to inappropriate RAM size File: C:/Users/Haider/lcd_scope/LT24Display.v Line: 541
Warning (13024): Output pins are stuck at VCC or GND
    Warning (13410): Pin "LT24Rd_n" is stuck at VCC File: C:/Users/Haider/lcd_scope/lcd_scope.v Line: 15
    Warning (13410): Pin "LT24CS_n" is stuck at GND File: C:/Users/Haider/lcd_scope/lcd_scope.v Line: 16
    Warning (13410): Pin "LT24Reset_n" is stuck at VCC File: C:/Users/Haider/lcd_scope/lcd_scope.v Line: 18
    Warning (13410): Pin "LT24LCDOn" is stuck at VCC File: C:/Users/Haider/lcd_scope/lcd_scope.v Line: 21
Info (286030): Timing-Driven Synthesis is running
Info (17049): 4 registers lost all their fanouts during netlist optimizations.
Info (16010): Generating hard_block partition "hard_block:auto_generated_inst"
    Info (16011): Adding 0 node(s), including 0 DDIO, 0 PLL, 0 transceiver and 0 LCELL
Warning (21074): Design contains 1 input pin(s) that do not drive logic
    Warning (15610): No output dependent on input pin "globalRst" File: C:/Users/Haider/lcd_scope/lcd_scope.v Line: 11
Info (21057): Implemented 204 device resources after synthesis - the final resource count might be different
    Info (21058): Implemented 2 input pins
    Info (21059): Implemented 23 output pins
    Info (21061): Implemented 179 logic cells
Info: Quartus Prime Analysis & Synthesis was successful. 0 errors, 9 warnings
    Info: Peak virtual memory: 4849 megabytes
    Info: Processing ended: Tue Apr 23 09:31:21 2019
    Info: Elapsed time: 00:00:12
    Info: Total CPU time (on all processors): 00:00:24


