Analysis & Synthesis report for FPGA_MiniProject
Wed Apr 10 12:48:31 2019
Quartus Prime Version 17.1.1 Internal Build 593 12/11/2017 SJ Standard Edition


---------------------
; Table of Contents ;
---------------------
  1. Legal Notice
  2. Analysis & Synthesis Summary
  3. Analysis & Synthesis Settings
  4. Parallel Compilation
  5. Analysis & Synthesis Source Files Read
  6. Analysis & Synthesis Resource Usage Summary
  7. Analysis & Synthesis Resource Utilization by Entity
  8. State Machine - |FPGA_MiniProject|VGA_drawPixel:VGA|VerSigIndicator
  9. State Machine - |FPGA_MiniProject|VGA_drawPixel:VGA|HozsigIndicator
 10. Registers Removed During Synthesis
 11. General Register Statistics
 12. Multiplexer Restructuring Statistics (Restructuring Performed)
 13. Port Connectivity Checks: "VGA_drawPixel:VGA"
 14. Post-Synthesis Netlist Statistics for Top Partition
 15. Elapsed Time Per Partition
 16. Analysis & Synthesis Messages



----------------
; Legal Notice ;
----------------
Copyright (C) 2017  Intel Corporation. All rights reserved.
Your use of Intel Corporation's design tools, logic functions 
and other software and tools, and its AMPP partner logic 
functions, and any output files from any of the foregoing 
(including device programming or simulation files), and any 
associated documentation or information are expressly subject 
to the terms and conditions of the Intel Program License 
Subscription Agreement, the Intel Quartus Prime License Agreement,
the Intel FPGA IP License Agreement, or other applicable license
agreement, including, without limitation, that your use is for
the sole purpose of programming logic devices manufactured by
Intel and sold by Intel or its authorized distributors.  Please
refer to the applicable agreement for further details.



+--------------------------------------------------------------------------------------------+
; Analysis & Synthesis Summary                                                               ;
+---------------------------------+----------------------------------------------------------+
; Analysis & Synthesis Status     ; Successful - Wed Apr 10 12:48:31 2019                    ;
; Quartus Prime Version           ; 17.1.1 Internal Build 593 12/11/2017 SJ Standard Edition ;
; Revision Name                   ; FPGA_MiniProject                                         ;
; Top-level Entity Name           ; FPGA_MiniProject                                         ;
; Family                          ; Cyclone V                                                ;
; Logic utilization (in ALMs)     ; N/A                                                      ;
; Total registers                 ; 117                                                      ;
; Total pins                      ; 27                                                       ;
; Total virtual pins              ; 0                                                        ;
; Total block memory bits         ; 0                                                        ;
; Total DSP Blocks                ; 0                                                        ;
; Total HSSI RX PCSs              ; 0                                                        ;
; Total HSSI PMA RX Deserializers ; 0                                                        ;
; Total HSSI TX PCSs              ; 0                                                        ;
; Total HSSI PMA TX Serializers   ; 0                                                        ;
; Total PLLs                      ; 0                                                        ;
; Total DLLs                      ; 0                                                        ;
+---------------------------------+----------------------------------------------------------+


+---------------------------------------------------------------------------------------------------------------------------+
; Analysis & Synthesis Settings                                                                                             ;
+---------------------------------------------------------------------------------+--------------------+--------------------+
; Option                                                                          ; Setting            ; Default Value      ;
+---------------------------------------------------------------------------------+--------------------+--------------------+
; Device                                                                          ; 5CSEMA5F31C6       ;                    ;
; Top-level entity name                                                           ; FPGA_MiniProject   ; FPGA_MiniProject   ;
; Family name                                                                     ; Cyclone V          ; Cyclone V          ;
; Use smart compilation                                                           ; Off                ; Off                ;
; Enable parallel Assembler and TimeQuest Timing Analyzer during compilation      ; On                 ; On                 ;
; Enable compact report table                                                     ; Off                ; Off                ;
; Restructure Multiplexers                                                        ; Auto               ; Auto               ;
; MLAB Add Timing Constraints For Mixed-Port Feed-Through Mode Setting Don't Care ; Off                ; Off                ;
; Create Debugging Nodes for IP Cores                                             ; Off                ; Off                ;
; Preserve fewer node names                                                       ; On                 ; On                 ;
; Intel FPGA IP Evaluation Mode                                                   ; Enable             ; Enable             ;
; Verilog Version                                                                 ; Verilog_2001       ; Verilog_2001       ;
; VHDL Version                                                                    ; VHDL_1993          ; VHDL_1993          ;
; State Machine Processing                                                        ; Auto               ; Auto               ;
; Safe State Machine                                                              ; Off                ; Off                ;
; Extract Verilog State Machines                                                  ; On                 ; On                 ;
; Extract VHDL State Machines                                                     ; On                 ; On                 ;
; Ignore Verilog initial constructs                                               ; Off                ; Off                ;
; Iteration limit for constant Verilog loops                                      ; 5000               ; 5000               ;
; Iteration limit for non-constant Verilog loops                                  ; 250                ; 250                ;
; Add Pass-Through Logic to Inferred RAMs                                         ; On                 ; On                 ;
; Infer RAMs from Raw Logic                                                       ; On                 ; On                 ;
; Parallel Synthesis                                                              ; On                 ; On                 ;
; DSP Block Balancing                                                             ; Auto               ; Auto               ;
; NOT Gate Push-Back                                                              ; On                 ; On                 ;
; Power-Up Don't Care                                                             ; On                 ; On                 ;
; Remove Redundant Logic Cells                                                    ; Off                ; Off                ;
; Remove Duplicate Registers                                                      ; On                 ; On                 ;
; Ignore CARRY Buffers                                                            ; Off                ; Off                ;
; Ignore CASCADE Buffers                                                          ; Off                ; Off                ;
; Ignore GLOBAL Buffers                                                           ; Off                ; Off                ;
; Ignore ROW GLOBAL Buffers                                                       ; Off                ; Off                ;
; Ignore LCELL Buffers                                                            ; Off                ; Off                ;
; Ignore SOFT Buffers                                                             ; On                 ; On                 ;
; Limit AHDL Integers to 32 Bits                                                  ; Off                ; Off                ;
; Optimization Technique                                                          ; Balanced           ; Balanced           ;
; Carry Chain Length                                                              ; 70                 ; 70                 ;
; Auto Carry Chains                                                               ; On                 ; On                 ;
; Auto Open-Drain Pins                                                            ; On                 ; On                 ;
; Perform WYSIWYG Primitive Resynthesis                                           ; Off                ; Off                ;
; Auto ROM Replacement                                                            ; On                 ; On                 ;
; Auto RAM Replacement                                                            ; On                 ; On                 ;
; Auto DSP Block Replacement                                                      ; On                 ; On                 ;
; Auto Shift Register Replacement                                                 ; Auto               ; Auto               ;
; Allow Shift Register Merging across Hierarchies                                 ; Auto               ; Auto               ;
; Auto Clock Enable Replacement                                                   ; On                 ; On                 ;
; Strict RAM Replacement                                                          ; Off                ; Off                ;
; Allow Synchronous Control Signals                                               ; On                 ; On                 ;
; Force Use of Synchronous Clear Signals                                          ; Off                ; Off                ;
; Auto Resource Sharing                                                           ; Off                ; Off                ;
; Allow Any RAM Size For Recognition                                              ; Off                ; Off                ;
; Allow Any ROM Size For Recognition                                              ; Off                ; Off                ;
; Allow Any Shift Register Size For Recognition                                   ; Off                ; Off                ;
; Use LogicLock Constraints during Resource Balancing                             ; On                 ; On                 ;
; Ignore translate_off and synthesis_off directives                               ; Off                ; Off                ;
; Timing-Driven Synthesis                                                         ; On                 ; On                 ;
; Report Parameter Settings                                                       ; On                 ; On                 ;
; Report Source Assignments                                                       ; On                 ; On                 ;
; Report Connectivity Checks                                                      ; On                 ; On                 ;
; Ignore Maximum Fan-Out Assignments                                              ; Off                ; Off                ;
; Synchronization Register Chain Length                                           ; 3                  ; 3                  ;
; Power Optimization During Synthesis                                             ; Normal compilation ; Normal compilation ;
; HDL message level                                                               ; Level2             ; Level2             ;
; Suppress Register Optimization Related Messages                                 ; Off                ; Off                ;
; Number of Removed Registers Reported in Synthesis Report                        ; 5000               ; 5000               ;
; Number of Swept Nodes Reported in Synthesis Report                              ; 5000               ; 5000               ;
; Number of Inverted Registers Reported in Synthesis Report                       ; 100                ; 100                ;
; Clock MUX Protection                                                            ; On                 ; On                 ;
; Auto Gated Clock Conversion                                                     ; Off                ; Off                ;
; Block Design Naming                                                             ; Auto               ; Auto               ;
; SDC constraint protection                                                       ; Off                ; Off                ;
; Synthesis Effort                                                                ; Auto               ; Auto               ;
; Shift Register Replacement - Allow Asynchronous Clear Signal                    ; On                 ; On                 ;
; Pre-Mapping Resynthesis Optimization                                            ; Off                ; Off                ;
; Analysis & Synthesis Message Level                                              ; Medium             ; Medium             ;
; Disable Register Merging Across Hierarchies                                     ; Auto               ; Auto               ;
; Resource Aware Inference For Block RAM                                          ; On                 ; On                 ;
; Automatic Parallel Synthesis                                                    ; On                 ; On                 ;
; Partial Reconfiguration Bitstream ID                                            ; Off                ; Off                ;
+---------------------------------------------------------------------------------+--------------------+--------------------+


+------------------------------------------+
; Parallel Compilation                     ;
+----------------------------+-------------+
; Processors                 ; Number      ;
+----------------------------+-------------+
; Number detected on machine ; 4           ;
; Maximum allowed            ; 4           ;
;                            ;             ;
; Average used               ; 1.00        ;
; Maximum used               ; 4           ;
;                            ;             ;
; Usage by Processor         ; % Time Used ;
;     Processor 1            ; 100.0%      ;
;     Processors 2-4         ;   0.0%      ;
+----------------------------+-------------+


+-----------------------------------------------------------------------------------------------------------------------------------------------------+
; Analysis & Synthesis Source Files Read                                                                                                              ;
+----------------------------------+-----------------+------------------------+-------------------------------------------------------------+---------+
; File Name with User-Entered Path ; Used in Netlist ; File Type              ; File Name with Absolute Path                                ; Library ;
+----------------------------------+-----------------+------------------------+-------------------------------------------------------------+---------+
; VGA_IP.v                         ; yes             ; User Verilog HDL File  ; M:/MASTERS/FPGA/FPGA_WS/FPGA_MiniProject/VGA_IP.v           ;         ;
; FPGA_MiniProject.v               ; yes             ; User Verilog HDL File  ; M:/MASTERS/FPGA/FPGA_WS/FPGA_MiniProject/FPGA_MiniProject.v ;         ;
; VGAClock.v                       ; yes             ; User Verilog HDL File  ; M:/MASTERS/FPGA/FPGA_WS/FPGA_MiniProject/VGAClock.v         ;         ;
+----------------------------------+-----------------+------------------------+-------------------------------------------------------------+---------+


+----------------------------------------------------------------------------+
; Analysis & Synthesis Resource Usage Summary                                ;
+---------------------------------------------+------------------------------+
; Resource                                    ; Usage                        ;
+---------------------------------------------+------------------------------+
; Estimate of Logic utilization (ALMs needed) ; 88                           ;
;                                             ;                              ;
; Combinational ALUT usage for logic          ; 159                          ;
;     -- 7 input functions                    ; 0                            ;
;     -- 6 input functions                    ; 15                           ;
;     -- 5 input functions                    ; 9                            ;
;     -- 4 input functions                    ; 12                           ;
;     -- <=3 input functions                  ; 123                          ;
;                                             ;                              ;
; Dedicated logic registers                   ; 117                          ;
;                                             ;                              ;
; I/O pins                                    ; 27                           ;
;                                             ;                              ;
; Total DSP Blocks                            ; 0                            ;
;                                             ;                              ;
; Maximum fan-out node                        ; VGA_clock:VGAClk|T25MHZClock ;
; Maximum fan-out                             ; 115                          ;
; Total fan-out                               ; 910                          ;
; Average fan-out                             ; 2.76                         ;
+---------------------------------------------+------------------------------+


+-------------------------------------------------------------------------------------------------------------------------------------------------------------------------------------------------------------+
; Analysis & Synthesis Resource Utilization by Entity                                                                                                                                                         ;
+----------------------------+---------------------+---------------------------+-------------------+------------+------+--------------+-------------------------------------+------------------+--------------+
; Compilation Hierarchy Node ; Combinational ALUTs ; Dedicated Logic Registers ; Block Memory Bits ; DSP Blocks ; Pins ; Virtual Pins ; Full Hierarchy Name                 ; Entity Name      ; Library Name ;
+----------------------------+---------------------+---------------------------+-------------------+------------+------+--------------+-------------------------------------+------------------+--------------+
; |FPGA_MiniProject          ; 159 (0)             ; 117 (0)                   ; 0                 ; 0          ; 27   ; 0            ; |FPGA_MiniProject                   ; FPGA_MiniProject ; work         ;
;    |VGA_clock:VGAClk|      ; 1 (1)               ; 2 (2)                     ; 0                 ; 0          ; 0    ; 0            ; |FPGA_MiniProject|VGA_clock:VGAClk  ; VGA_clock        ; work         ;
;    |VGA_drawPixel:VGA|     ; 158 (158)           ; 115 (115)                 ; 0                 ; 0          ; 0    ; 0            ; |FPGA_MiniProject|VGA_drawPixel:VGA ; VGA_drawPixel    ; work         ;
+----------------------------+---------------------+---------------------------+-------------------+------------+------+--------------+-------------------------------------+------------------+--------------+
Note: For table entries with two numbers listed, the numbers in parentheses indicate the number of resources of the given type used by the specific entity alone. The numbers listed outside of parentheses indicate the total resources of the given type used by the specific entity and all of its sub-entities in the hierarchy.


Encoding Type:  One-Hot
+-------------------------------------------------------------------------------------------------------------+
; State Machine - |FPGA_MiniProject|VGA_drawPixel:VGA|VerSigIndicator                                         ;
+---------------------+---------------------+---------------------+---------------------+---------------------+
; Name                ; VerSigIndicator.011 ; VerSigIndicator.010 ; VerSigIndicator.001 ; VerSigIndicator.000 ;
+---------------------+---------------------+---------------------+---------------------+---------------------+
; VerSigIndicator.000 ; 0                   ; 0                   ; 0                   ; 0                   ;
; VerSigIndicator.001 ; 0                   ; 0                   ; 1                   ; 1                   ;
; VerSigIndicator.010 ; 0                   ; 1                   ; 0                   ; 1                   ;
; VerSigIndicator.011 ; 1                   ; 0                   ; 0                   ; 1                   ;
+---------------------+---------------------+---------------------+---------------------+---------------------+


Encoding Type:  One-Hot
+-------------------------------------------------------------------------------------------------------------+
; State Machine - |FPGA_MiniProject|VGA_drawPixel:VGA|HozsigIndicator                                         ;
+---------------------+---------------------+---------------------+---------------------+---------------------+
; Name                ; HozsigIndicator.011 ; HozsigIndicator.010 ; HozsigIndicator.001 ; HozsigIndicator.000 ;
+---------------------+---------------------+---------------------+---------------------+---------------------+
; HozsigIndicator.000 ; 0                   ; 0                   ; 0                   ; 0                   ;
; HozsigIndicator.001 ; 0                   ; 0                   ; 1                   ; 1                   ;
; HozsigIndicator.010 ; 0                   ; 1                   ; 0                   ; 1                   ;
; HozsigIndicator.011 ; 1                   ; 0                   ; 0                   ; 1                   ;
+---------------------+---------------------+---------------------+---------------------+---------------------+


+------------------------------------------------------------+
; Registers Removed During Synthesis                         ;
+---------------------------------------+--------------------+
; Register name                         ; Reason for Removal ;
+---------------------------------------+--------------------+
; VGA_clock:VGAClk|count[1]             ; Lost fanout        ;
; VGA_drawPixel:VGA|VerSigIndicator~5   ; Lost fanout        ;
; VGA_drawPixel:VGA|VerSigIndicator~6   ; Lost fanout        ;
; VGA_drawPixel:VGA|VerSigIndicator~7   ; Lost fanout        ;
; VGA_drawPixel:VGA|HozsigIndicator~4   ; Lost fanout        ;
; VGA_drawPixel:VGA|HozsigIndicator~5   ; Lost fanout        ;
; VGA_drawPixel:VGA|HozsigIndicator~6   ; Lost fanout        ;
; Total Number of Removed Registers = 7 ;                    ;
+---------------------------------------+--------------------+


+------------------------------------------------------+
; General Register Statistics                          ;
+----------------------------------------------+-------+
; Statistic                                    ; Value ;
+----------------------------------------------+-------+
; Total registers                              ; 117   ;
; Number of registers using Synchronous Clear  ; 106   ;
; Number of registers using Synchronous Load   ; 0     ;
; Number of registers using Asynchronous Clear ; 0     ;
; Number of registers using Asynchronous Load  ; 0     ;
; Number of registers using Clock Enable       ; 107   ;
; Number of registers using Preset             ; 0     ;
+----------------------------------------------+-------+


+-------------------------------------------------------------------------------------------------------------------------------------------------------------------+
; Multiplexer Restructuring Statistics (Restructuring Performed)                                                                                                    ;
+--------------------+-----------+---------------+----------------------+------------------------+------------+-----------------------------------------------------+
; Multiplexer Inputs ; Bus Width ; Baseline Area ; Area if Restructured ; Saving if Restructured ; Registered ; Example Multiplexer Output                          ;
+--------------------+-----------+---------------+----------------------+------------------------+------------+-----------------------------------------------------+
; 3:1                ; 10 bits   ; 20 LEs        ; 0 LEs                ; 20 LEs                 ; Yes        ; |FPGA_MiniProject|VGA_drawPixel:VGA|VerPixel[0]     ;
; 4:1                ; 11 bits   ; 22 LEs        ; 0 LEs                ; 22 LEs                 ; Yes        ; |FPGA_MiniProject|VGA_drawPixel:VGA|HozPixel[10]    ;
; 5:1                ; 3 bits    ; 9 LEs         ; 9 LEs                ; 0 LEs                  ; No         ; |FPGA_MiniProject|VGA_drawPixel:VGA|HozsigIndicator ;
+--------------------+-----------+---------------+----------------------+------------------------+------------+-----------------------------------------------------+


+------------------------------------------------------------------------------------------------------------------------------------------------------------------------------------------------------------------------+
; Port Connectivity Checks: "VGA_drawPixel:VGA"                                                                                                                                                                          ;
+----------------+-------+----------+------------------------------------------------------------------------------------------------------------------------------------------------------------------------------------+
; Port           ; Type  ; Severity ; Details                                                                                                                                                                            ;
+----------------+-------+----------+------------------------------------------------------------------------------------------------------------------------------------------------------------------------------------+
; x_pos          ; Input ; Warning  ; Input port expression (32 bits) is wider than the input port (1 bits) it drives.  The 31 most-significant bit(s) in the expression will be dangling if they have no other fanouts. ;
; x_pos[-1]      ; Input ; Info     ; Stuck at GND                                                                                                                                                                       ;
; y_pos          ; Input ; Warning  ; Input port expression (32 bits) is wider than the input port (1 bits) it drives.  The 31 most-significant bit(s) in the expression will be dangling if they have no other fanouts. ;
; y_pos[-1]      ; Input ; Info     ; Stuck at GND                                                                                                                                                                       ;
; colour_R       ; Input ; Warning  ; Input port expression (32 bits) is wider than the input port (8 bits) it drives.  The 24 most-significant bit(s) in the expression will be dangling if they have no other fanouts. ;
; colour_R[7..0] ; Input ; Info     ; Stuck at VCC                                                                                                                                                                       ;
; colour_G       ; Input ; Warning  ; Input port expression (32 bits) is wider than the input port (8 bits) it drives.  The 24 most-significant bit(s) in the expression will be dangling if they have no other fanouts. ;
; colour_G[7..0] ; Input ; Info     ; Stuck at GND                                                                                                                                                                       ;
; colour_B       ; Input ; Warning  ; Input port expression (32 bits) is wider than the input port (8 bits) it drives.  The 24 most-significant bit(s) in the expression will be dangling if they have no other fanouts. ;
; colour_B[7..0] ; Input ; Info     ; Stuck at GND                                                                                                                                                                       ;
+----------------+-------+----------+------------------------------------------------------------------------------------------------------------------------------------------------------------------------------------+


+-----------------------------------------------------+
; Post-Synthesis Netlist Statistics for Top Partition ;
+-----------------------+-----------------------------+
; Type                  ; Count                       ;
+-----------------------+-----------------------------+
; arriav_ff             ; 117                         ;
;     ENA               ; 2                           ;
;     ENA SCLR          ; 105                         ;
;     SCLR              ; 1                           ;
;     plain             ; 9                           ;
; arriav_lcell_comb     ; 161                         ;
;     arith             ; 105                         ;
;         1 data inputs ; 105                         ;
;     normal            ; 56                          ;
;         0 data inputs ; 1                           ;
;         1 data inputs ; 3                           ;
;         2 data inputs ; 7                           ;
;         3 data inputs ; 9                           ;
;         4 data inputs ; 12                          ;
;         5 data inputs ; 9                           ;
;         6 data inputs ; 15                          ;
; boundary_port         ; 27                          ;
;                       ;                             ;
; Max LUT depth         ; 3.00                        ;
; Average LUT depth     ; 2.10                        ;
+-----------------------+-----------------------------+


+-------------------------------+
; Elapsed Time Per Partition    ;
+----------------+--------------+
; Partition Name ; Elapsed Time ;
+----------------+--------------+
; Top            ; 00:00:00     ;
+----------------+--------------+


+-------------------------------+
; Analysis & Synthesis Messages ;
+-------------------------------+
Info: *******************************************************************
Info: Running Quartus Prime Analysis & Synthesis
    Info: Version 17.1.1 Internal Build 593 12/11/2017 SJ Standard Edition
    Info: Processing started: Wed Apr 10 12:48:18 2019
Info: Command: quartus_map --read_settings_files=on --write_settings_files=off FPGA_MiniProject -c FPGA_MiniProject
Warning (18236): Number of processors has not been specified which may cause overloading on shared machines.  Set the global assignment NUM_PARALLEL_PROCESSORS in your QSF to an appropriate value for best performance.
Info (20030): Parallel compilation is enabled and will use 4 of the 4 processors detected
Info (12021): Found 1 design units, including 1 entities, in source file vgatb.v
    Info (12023): Found entity 1: VGATest_tb File: M:/MASTERS/FPGA/FPGA_WS/FPGA_MiniProject/VGATB.v Line: 6
Info (12021): Found 1 design units, including 1 entities, in source file vga_ip.v
    Info (12023): Found entity 1: VGA_drawPixel File: M:/MASTERS/FPGA/FPGA_WS/FPGA_MiniProject/VGA_IP.v Line: 1
Info (12021): Found 1 design units, including 1 entities, in source file adda_ip.v
    Info (12023): Found entity 1: ADDA File: M:/MASTERS/FPGA/FPGA_WS/FPGA_MiniProject/ADDA_IP.v Line: 4
Info (12021): Found 1 design units, including 1 entities, in source file fpga_miniproject.v
    Info (12023): Found entity 1: FPGA_MiniProject File: M:/MASTERS/FPGA/FPGA_WS/FPGA_MiniProject/FPGA_MiniProject.v Line: 7
Info (12021): Found 1 design units, including 1 entities, in source file freqdiv.v
    Info (12023): Found entity 1: clockDivider File: M:/MASTERS/FPGA/FPGA_WS/FPGA_MiniProject/FreqDiv.v Line: 4
Info (12021): Found 1 design units, including 1 entities, in source file vgaclock.v
    Info (12023): Found entity 1: VGA_clock File: M:/MASTERS/FPGA/FPGA_WS/FPGA_MiniProject/VGAClock.v Line: 1
Info (12127): Elaborating entity "FPGA_MiniProject" for the top level hierarchy
Info (12128): Elaborating entity "VGA_clock" for hierarchy "VGA_clock:VGAClk" File: M:/MASTERS/FPGA/FPGA_WS/FPGA_MiniProject/FPGA_MiniProject.v Line: 20
Warning (10230): Verilog HDL assignment warning at VGAClock.v(9): truncated value with size 32 to match size of target (2) File: M:/MASTERS/FPGA/FPGA_WS/FPGA_MiniProject/VGAClock.v Line: 9
Info (12128): Elaborating entity "VGA_drawPixel" for hierarchy "VGA_drawPixel:VGA" File: M:/MASTERS/FPGA/FPGA_WS/FPGA_MiniProject/FPGA_MiniProject.v Line: 34
Warning (10036): Verilog HDL or VHDL warning at VGA_IP.v(29): object "screenPosition" assigned a value but never read File: M:/MASTERS/FPGA/FPGA_WS/FPGA_MiniProject/VGA_IP.v Line: 29
Warning (10036): Verilog HDL or VHDL warning at VGA_IP.v(30): object "linePosition" assigned a value but never read File: M:/MASTERS/FPGA/FPGA_WS/FPGA_MiniProject/VGA_IP.v Line: 30
Warning (10230): Verilog HDL assignment warning at VGA_IP.v(77): truncated value with size 32 to match size of target (1) File: M:/MASTERS/FPGA/FPGA_WS/FPGA_MiniProject/VGA_IP.v Line: 77
Warning (10230): Verilog HDL assignment warning at VGA_IP.v(78): truncated value with size 32 to match size of target (8) File: M:/MASTERS/FPGA/FPGA_WS/FPGA_MiniProject/VGA_IP.v Line: 78
Warning (10230): Verilog HDL assignment warning at VGA_IP.v(79): truncated value with size 32 to match size of target (8) File: M:/MASTERS/FPGA/FPGA_WS/FPGA_MiniProject/VGA_IP.v Line: 79
Warning (10230): Verilog HDL assignment warning at VGA_IP.v(80): truncated value with size 32 to match size of target (8) File: M:/MASTERS/FPGA/FPGA_WS/FPGA_MiniProject/VGA_IP.v Line: 80
Warning (10230): Verilog HDL assignment warning at VGA_IP.v(82): truncated value with size 32 to match size of target (1) File: M:/MASTERS/FPGA/FPGA_WS/FPGA_MiniProject/VGA_IP.v Line: 82
Warning (10230): Verilog HDL assignment warning at VGA_IP.v(92): truncated value with size 32 to match size of target (11) File: M:/MASTERS/FPGA/FPGA_WS/FPGA_MiniProject/VGA_IP.v Line: 92
Warning (10230): Verilog HDL assignment warning at VGA_IP.v(102): truncated value with size 32 to match size of target (11) File: M:/MASTERS/FPGA/FPGA_WS/FPGA_MiniProject/VGA_IP.v Line: 102
Warning (10230): Verilog HDL assignment warning at VGA_IP.v(112): truncated value with size 32 to match size of target (11) File: M:/MASTERS/FPGA/FPGA_WS/FPGA_MiniProject/VGA_IP.v Line: 112
Warning (10230): Verilog HDL assignment warning at VGA_IP.v(122): truncated value with size 32 to match size of target (11) File: M:/MASTERS/FPGA/FPGA_WS/FPGA_MiniProject/VGA_IP.v Line: 122
Warning (10230): Verilog HDL assignment warning at VGA_IP.v(134): truncated value with size 32 to match size of target (11) File: M:/MASTERS/FPGA/FPGA_WS/FPGA_MiniProject/VGA_IP.v Line: 134
Warning (10230): Verilog HDL assignment warning at VGA_IP.v(137): truncated value with size 32 to match size of target (10) File: M:/MASTERS/FPGA/FPGA_WS/FPGA_MiniProject/VGA_IP.v Line: 137
Warning (10230): Verilog HDL assignment warning at VGA_IP.v(162): truncated value with size 32 to match size of target (10) File: M:/MASTERS/FPGA/FPGA_WS/FPGA_MiniProject/VGA_IP.v Line: 162
Warning (10230): Verilog HDL assignment warning at VGA_IP.v(172): truncated value with size 32 to match size of target (10) File: M:/MASTERS/FPGA/FPGA_WS/FPGA_MiniProject/VGA_IP.v Line: 172
Warning (10230): Verilog HDL assignment warning at VGA_IP.v(182): truncated value with size 32 to match size of target (10) File: M:/MASTERS/FPGA/FPGA_WS/FPGA_MiniProject/VGA_IP.v Line: 182
Warning (10230): Verilog HDL assignment warning at VGA_IP.v(193): truncated value with size 32 to match size of target (10) File: M:/MASTERS/FPGA/FPGA_WS/FPGA_MiniProject/VGA_IP.v Line: 193
Warning (12241): 1 hierarchies have connectivity warnings - see the Connectivity Checks report folder
Warning (13024): Output pins are stuck at VCC or GND
    Warning (13410): Pin "G[0]" is stuck at GND File: M:/MASTERS/FPGA/FPGA_WS/FPGA_MiniProject/FPGA_MiniProject.v Line: 12
    Warning (13410): Pin "G[1]" is stuck at GND File: M:/MASTERS/FPGA/FPGA_WS/FPGA_MiniProject/FPGA_MiniProject.v Line: 12
    Warning (13410): Pin "G[2]" is stuck at GND File: M:/MASTERS/FPGA/FPGA_WS/FPGA_MiniProject/FPGA_MiniProject.v Line: 12
    Warning (13410): Pin "G[3]" is stuck at GND File: M:/MASTERS/FPGA/FPGA_WS/FPGA_MiniProject/FPGA_MiniProject.v Line: 12
    Warning (13410): Pin "G[4]" is stuck at GND File: M:/MASTERS/FPGA/FPGA_WS/FPGA_MiniProject/FPGA_MiniProject.v Line: 12
    Warning (13410): Pin "G[5]" is stuck at GND File: M:/MASTERS/FPGA/FPGA_WS/FPGA_MiniProject/FPGA_MiniProject.v Line: 12
    Warning (13410): Pin "G[6]" is stuck at GND File: M:/MASTERS/FPGA/FPGA_WS/FPGA_MiniProject/FPGA_MiniProject.v Line: 12
    Warning (13410): Pin "G[7]" is stuck at GND File: M:/MASTERS/FPGA/FPGA_WS/FPGA_MiniProject/FPGA_MiniProject.v Line: 12
    Warning (13410): Pin "B[0]" is stuck at GND File: M:/MASTERS/FPGA/FPGA_WS/FPGA_MiniProject/FPGA_MiniProject.v Line: 14
    Warning (13410): Pin "B[1]" is stuck at GND File: M:/MASTERS/FPGA/FPGA_WS/FPGA_MiniProject/FPGA_MiniProject.v Line: 14
    Warning (13410): Pin "B[2]" is stuck at GND File: M:/MASTERS/FPGA/FPGA_WS/FPGA_MiniProject/FPGA_MiniProject.v Line: 14
    Warning (13410): Pin "B[3]" is stuck at GND File: M:/MASTERS/FPGA/FPGA_WS/FPGA_MiniProject/FPGA_MiniProject.v Line: 14
    Warning (13410): Pin "B[4]" is stuck at GND File: M:/MASTERS/FPGA/FPGA_WS/FPGA_MiniProject/FPGA_MiniProject.v Line: 14
    Warning (13410): Pin "B[5]" is stuck at GND File: M:/MASTERS/FPGA/FPGA_WS/FPGA_MiniProject/FPGA_MiniProject.v Line: 14
    Warning (13410): Pin "B[6]" is stuck at GND File: M:/MASTERS/FPGA/FPGA_WS/FPGA_MiniProject/FPGA_MiniProject.v Line: 14
    Warning (13410): Pin "B[7]" is stuck at GND File: M:/MASTERS/FPGA/FPGA_WS/FPGA_MiniProject/FPGA_MiniProject.v Line: 14
Info (286030): Timing-Driven Synthesis is running
Info (17049): 7 registers lost all their fanouts during netlist optimizations.
Info (16010): Generating hard_block partition "hard_block:auto_generated_inst"
    Info (16011): Adding 0 node(s), including 0 DDIO, 0 PLL, 0 transceiver and 0 LCELL
Info (21057): Implemented 189 device resources after synthesis - the final resource count might be different
    Info (21058): Implemented 1 input pins
    Info (21059): Implemented 26 output pins
    Info (21061): Implemented 162 logic cells
Info: Quartus Prime Analysis & Synthesis was successful. 0 errors, 37 warnings
    Info: Peak virtual memory: 696 megabytes
    Info: Processing ended: Wed Apr 10 12:48:31 2019
    Info: Elapsed time: 00:00:13
    Info: Total CPU time (on all processors): 00:00:24


